<?xml version="1.0" encoding="UTF-8"?>
<testng-results ignored="4" total="8" passed="4" failed="0" skipped="0">
  <reporter-output>
  </reporter-output>
  <suite started-at="2022-06-23T07:42:36Z" name="Suite" finished-at="2022-06-23T07:44:01Z" duration-ms="85039">
    <groups>
      <group name="regreesionTest">
        <method signature="CreateOraganizationWithIndustryTest.createOraganizationWithIndustryTest()[pri:0, instance:com.crm.organization.CreateOraganizationWithIndustryTest@3f91b517]" name="createOraganizationWithIndustryTest" class="com.crm.organization.CreateOraganizationWithIndustryTest"/>
        <method signature="CreateOrganizationAssigmentTest.createOrganizationAssigmentTest()[pri:0, instance:com.crm.organization.CreateOrganizationAssigmentTest@5be46f9d]" name="createOrganizationAssigmentTest" class="com.crm.organization.CreateOrganizationAssigmentTest"/>
      </group> <!-- regreesionTest -->
      <group name="smokeTest">
        <method signature="CreateContactGroupTest.createContactGroupTest()[pri:0, instance:com.crm.contactGroup.Vitger.CreateContactGroupTest@50de186c]" name="createContactGroupTest" class="com.crm.contactGroup.Vitger.CreateContactGroupTest"/>
        <method signature="CreateContactOrganisationTest.createContactOrganisationTest()[pri:0, instance:com.crm.contactGroup.Vitger.CreateContactOrganisationTest@3f57bcad]" name="createContactOrganisationTest" class="com.crm.contactGroup.Vitger.CreateContactOrganisationTest"/>
      </group> <!-- smokeTest -->
    </groups>
    <test started-at="2022-06-23T07:42:36Z" name="TestRunner1" finished-at="2022-06-23T07:44:00Z" duration-ms="83486">
      <class name="com.crm.contactGroup.Vitger.CreateContactOrganisationTest">
        <test-method is-config="true" signature="launchTheBrowser()[pri:0, instance:com.crm.contactGroup.Vitger.CreateContactOrganisationTest@3f57bcad]" started-at="2022-06-23T07:43:21Z" name="launchTheBrowser" finished-at="2022-06-23T07:43:28Z" duration-ms="6337" status="PASS">
          <reporter-output>
          </reporter-output>
        </test-method> <!-- launchTheBrowser -->
        <test-method is-config="true" signature="LoginToApplication()[pri:0, instance:com.crm.contactGroup.Vitger.CreateContactOrganisationTest@3f57bcad]" started-at="2022-06-23T07:43:28Z" name="LoginToApplication" finished-at="2022-06-23T07:43:32Z" duration-ms="4626" status="PASS">
          <reporter-output>
          </reporter-output>
        </test-method> <!-- LoginToApplication -->
        <test-method signature="createContactOrganisationTest()[pri:0, instance:com.crm.contactGroup.Vitger.CreateContactOrganisationTest@3f57bcad]" started-at="2022-06-23T07:43:32Z" name="createContactOrganisationTest" finished-at="2022-06-23T07:43:56Z" duration-ms="24068" status="PASS">
          <reporter-output>
          </reporter-output>
        </test-method> <!-- createContactOrganisationTest -->
        <test-method is-config="true" signature="logout()[pri:0, instance:com.crm.contactGroup.Vitger.CreateContactOrganisationTest@3f57bcad]" started-at="2022-06-23T07:43:56Z" name="logout" finished-at="2022-06-23T07:43:59Z" duration-ms="2510" status="PASS">
          <reporter-output>
          </reporter-output>
        </test-method> <!-- logout -->
        <test-method is-config="true" signature="closeTheBrowser()[pri:0, instance:com.crm.contactGroup.Vitger.CreateContactOrganisationTest@3f57bcad]" started-at="2022-06-23T07:43:59Z" name="closeTheBrowser" finished-at="2022-06-23T07:44:00Z" duration-ms="826" status="PASS">
          <reporter-output>
          </reporter-output>
        </test-method> <!-- closeTheBrowser -->
      </class> <!-- com.crm.contactGroup.Vitger.CreateContactOrganisationTest -->
      <class name="com.crm.contactGroup.Vitger.CreateContactGroupTest">
        <test-method is-config="true" signature="launchTheBrowser()[pri:0, instance:com.crm.contactGroup.Vitger.CreateContactGroupTest@50de186c]" started-at="2022-06-23T07:42:36Z" name="launchTheBrowser" finished-at="2022-06-23T07:42:47Z" duration-ms="11017" status="PASS">
          <reporter-output>
          </reporter-output>
        </test-method> <!-- launchTheBrowser -->
        <test-method is-config="true" signature="LoginToApplication()[pri:0, instance:com.crm.contactGroup.Vitger.CreateContactGroupTest@50de186c]" started-at="2022-06-23T07:42:47Z" name="LoginToApplication" finished-at="2022-06-23T07:42:51Z" duration-ms="3500" status="PASS">
          <reporter-output>
          </reporter-output>
        </test-method> <!-- LoginToApplication -->
        <test-method signature="createContactGroupTest()[pri:0, instance:com.crm.contactGroup.Vitger.CreateContactGroupTest@50de186c]" started-at="2022-06-23T07:42:51Z" name="createContactGroupTest" finished-at="2022-06-23T07:43:19Z" duration-ms="27652" status="PASS">
          <reporter-output>
          </reporter-output>
        </test-method> <!-- createContactGroupTest -->
        <test-method is-config="true" signature="logout()[pri:0, instance:com.crm.contactGroup.Vitger.CreateContactGroupTest@50de186c]" started-at="2022-06-23T07:43:19Z" name="logout" finished-at="2022-06-23T07:43:21Z" duration-ms="2585" status="PASS">
          <reporter-output>
          </reporter-output>
        </test-method> <!-- logout -->
        <test-method is-config="true" signature="closeTheBrowser()[pri:0, instance:com.crm.contactGroup.Vitger.CreateContactGroupTest@50de186c]" started-at="2022-06-23T07:43:21Z" name="closeTheBrowser" finished-at="2022-06-23T07:43:21Z" duration-ms="349" status="PASS">
          <reporter-output>
          </reporter-output>
        </test-method> <!-- closeTheBrowser -->
      </class> <!-- com.crm.contactGroup.Vitger.CreateContactGroupTest -->
    </test> <!-- TestRunner1 -->
    <test started-at="2022-06-23T07:42:36Z" name="testRunner2" finished-at="2022-06-23T07:44:01Z" duration-ms="85038">
      <class name="com.crm.organization.CreateOraganizationWithIndustryTest">
        <test-method is-config="true" signature="launchTheBrowser()[pri:0, instance:com.crm.organization.CreateOraganizationWithIndustryTest@3f91b517]" started-at="2022-06-23T07:43:21Z" name="launchTheBrowser" finished-at="2022-06-23T07:43:30Z" duration-ms="8156" status="PASS">
          <reporter-output>
          </reporter-output>
        </test-method> <!-- launchTheBrowser -->
        <test-method is-config="true" signature="LoginToApplication()[pri:0, instance:com.crm.organization.CreateOraganizationWithIndustryTest@3f91b517]" started-at="2022-06-23T07:43:30Z" name="LoginToApplication" finished-at="2022-06-23T07:43:37Z" duration-ms="7855" status="PASS">
          <reporter-output>
          </reporter-output>
        </test-method> <!-- LoginToApplication -->
        <test-method signature="createOraganizationWithIndustryTest()[pri:0, instance:com.crm.organization.CreateOraganizationWithIndustryTest@3f91b517]" started-at="2022-06-23T07:43:37Z" name="createOraganizationWithIndustryTest" finished-at="2022-06-23T07:43:59Z" duration-ms="21662" status="PASS">
          <reporter-output>
          </reporter-output>
        </test-method> <!-- createOraganizationWithIndustryTest -->
        <test-method is-config="true" signature="logout()[pri:0, instance:com.crm.organization.CreateOraganizationWithIndustryTest@3f91b517]" started-at="2022-06-23T07:43:59Z" name="logout" finished-at="2022-06-23T07:44:01Z" duration-ms="1992" status="PASS">
          <reporter-output>
          </reporter-output>
        </test-method> <!-- logout -->
        <test-method is-config="true" signature="closeTheBrowser()[pri:0, instance:com.crm.organization.CreateOraganizationWithIndustryTest@3f91b517]" started-at="2022-06-23T07:44:01Z" name="closeTheBrowser" finished-at="2022-06-23T07:44:01Z" duration-ms="240" status="PASS">
          <reporter-output>
          </reporter-output>
        </test-method> <!-- closeTheBrowser -->
      </class> <!-- com.crm.organization.CreateOraganizationWithIndustryTest -->
      <class name="com.crm.organization.CreateOrganizationAssigmentTest">
        <test-method is-config="true" signature="connectToDataBase()[pri:0, instance:com.crm.organization.CreateOrganizationAssigmentTest@5be46f9d]" started-at="2022-06-23T07:42:36Z" name="connectToDataBase" finished-at="2022-06-23T07:42:36Z" duration-ms="19" status="PASS">
          <reporter-output>
          </reporter-output>
        </test-method> <!-- connectToDataBase -->
        <test-method is-config="true" signature="launchTheBrowser()[pri:0, instance:com.crm.organization.CreateOrganizationAssigmentTest@5be46f9d]" started-at="2022-06-23T07:42:36Z" name="launchTheBrowser" finished-at="2022-06-23T07:42:47Z" duration-ms="10862" status="PASS">
          <reporter-output>
          </reporter-output>
        </test-method> <!-- launchTheBrowser -->
        <test-method is-config="true" signature="LoginToApplication()[pri:0, instance:com.crm.organization.CreateOrganizationAssigmentTest@5be46f9d]" started-at="2022-06-23T07:42:47Z" name="LoginToApplication" finished-at="2022-06-23T07:42:52Z" duration-ms="5212" status="PASS">
          <reporter-output>
          </reporter-output>
        </test-method> <!-- LoginToApplication -->
        <test-method signature="createOrganizationAssigmentTest()[pri:0, instance:com.crm.organization.CreateOrganizationAssigmentTest@5be46f9d]" started-at="2022-06-23T07:42:52Z" name="createOrganizationAssigmentTest" finished-at="2022-06-23T07:43:18Z" duration-ms="26001" status="PASS">
          <reporter-output>
          </reporter-output>
        </test-method> <!-- createOrganizationAssigmentTest -->
        <test-method is-config="true" signature="logout()[pri:0, instance:com.crm.organization.CreateOrganizationAssigmentTest@5be46f9d]" started-at="2022-06-23T07:43:18Z" name="logout" finished-at="2022-06-23T07:43:21Z" duration-ms="2385" status="PASS">
          <reporter-output>
          </reporter-output>
        </test-method> <!-- logout -->
        <test-method is-config="true" signature="closeTheBrowser()[pri:0, instance:com.crm.organization.CreateOrganizationAssigmentTest@5be46f9d]" started-at="2022-06-23T07:43:21Z" name="closeTheBrowser" finished-at="2022-06-23T07:43:21Z" duration-ms="586" status="PASS">
          <reporter-output>
          </reporter-output>
        </test-method> <!-- closeTheBrowser -->
        <test-method is-config="true" signature="CloseTheDbConnection()[pri:0, instance:com.crm.organization.CreateOrganizationAssigmentTest@5be46f9d]" started-at="2022-06-23T07:44:01Z" name="CloseTheDbConnection" finished-at="2022-06-23T07:44:01Z" duration-ms="1" status="PASS">
          <reporter-output>
          </reporter-output>
        </test-method> <!-- CloseTheDbConnection -->
      </class> <!-- com.crm.organization.CreateOrganizationAssigmentTest -->
    </test> <!-- testRunner2 -->
  </suite> <!-- Suite -->
</testng-results>
