<?xml version="1.0" encoding="UTF-8"?>
<!-- Generated by org.testng.reporters.JUnitXMLReporter -->
<testsuite ignored="2" hostname="DESKTOP-4L5MQVE" failures="0" tests="2" name="TestRunner1" time="78.544" errors="0" timestamp="19 Jun 2022 15:23:18 GMT">
  <testcase classname="com.crm.contactGroup.Vitger.CreateContactGroupTest" name="createContactGroupTest" time="17.723"/>
  <testcase classname="com.crm.contactGroup.Vitger.CreateContactOrganisationTest" name="createContactOrganisationTest" time="16.561"/>
  <testcase classname="com.crm.Vtiger.genericUtilities.BaseClass" name="@AfterSuite CloseTheDbConnection" time="0.0">
    <ignored/>
  </testcase> <!-- @AfterSuite CloseTheDbConnection -->
  <testcase classname="com.crm.Vtiger.genericUtilities.BaseClass" name="@BeforeSuite connectToDataBase" time="0.0">
    <ignored/>
  </testcase> <!-- @BeforeSuite connectToDataBase -->
</testsuite> <!-- TestRunner1 -->
