<?xml version="1.0" encoding="UTF-8"?>
<!-- Generated by org.testng.reporters.JUnitXMLReporter -->
<testsuite ignored="2" hostname="DESKTOP-4L5MQVE" failures="0" tests="2" name="testRunner2" time="85.038" errors="0" timestamp="23 Jun 2022 07:44:01 GMT">
  <testcase classname="com.crm.organization.CreateOrganizationAssigmentTest" name="createOrganizationAssigmentTest" time="26.001"/>
  <testcase classname="com.crm.organization.CreateOraganizationWithIndustryTest" name="createOraganizationWithIndustryTest" time="21.662"/>
  <testcase classname="com.crm.Vtiger.genericUtilities.BaseClass" name="@AfterSuite CloseTheDbConnection" time="0.0">
    <ignored/>
  </testcase> <!-- @AfterSuite CloseTheDbConnection -->
  <testcase classname="com.crm.Vtiger.genericUtilities.BaseClass" name="@BeforeSuite connectToDataBase" time="0.0">
    <ignored/>
  </testcase> <!-- @BeforeSuite connectToDataBase -->
</testsuite> <!-- testRunner2 -->
