<?xml version="1.0" encoding="UTF-8"?>
<!-- Generated by org.testng.reporters.JUnitXMLReporter -->
<testsuite ignored="6" hostname="DESKTOP-4L5MQVE" failures="0" tests="4" name="Test1" time="67.732" errors="0" timestamp="19 Jun 2022 15:33:16 GMT">
  <testcase classname="com.crm.contactGroup.Vitger.CreateContactGroupTest" name="createContactGroupTest" time="33.658"/>
  <testcase classname="com.crm.organization.CreateOraganizationWithIndustryTest" name="createOraganizationWithIndustryTest" time="36.296"/>
  <testcase classname="com.crm.organization.CreateOrganizationAssigmentTest" name="createOrganizationAssigmentTest" time="34.68"/>
  <testcase classname="com.crm.contactGroup.Vitger.CreateContactOrganisationTest" name="createContactOrganisationTest" time="32.862"/>
  <testcase classname="com.crm.Vtiger.genericUtilities.BaseClass" name="@AfterSuite CloseTheDbConnection" time="0.0">
    <ignored/>
  </testcase> <!-- @AfterSuite CloseTheDbConnection -->
  <testcase classname="com.crm.Vtiger.genericUtilities.BaseClass" name="@AfterSuite CloseTheDbConnection" time="0.0">
    <ignored/>
  </testcase> <!-- @AfterSuite CloseTheDbConnection -->
  <testcase classname="com.crm.Vtiger.genericUtilities.BaseClass" name="@AfterSuite CloseTheDbConnection" time="0.0">
    <ignored/>
  </testcase> <!-- @AfterSuite CloseTheDbConnection -->
  <testcase classname="com.crm.Vtiger.genericUtilities.BaseClass" name="@BeforeSuite connectToDataBase" time="0.0">
    <ignored/>
  </testcase> <!-- @BeforeSuite connectToDataBase -->
  <testcase classname="com.crm.Vtiger.genericUtilities.BaseClass" name="@BeforeSuite connectToDataBase" time="0.0">
    <ignored/>
  </testcase> <!-- @BeforeSuite connectToDataBase -->
  <testcase classname="com.crm.Vtiger.genericUtilities.BaseClass" name="@BeforeSuite connectToDataBase" time="0.0">
    <ignored/>
  </testcase> <!-- @BeforeSuite connectToDataBase -->
</testsuite> <!-- Test1 -->
